dfhack: hooking successful
DFHack build: 0.40.24-r4-0-g79e1c49
Identifying DF version.
Loading hack/symbols.xml ... OK
v0.40.24 SDL: PE: 0x54ad7e66
v0.40.24 linux: MD5: c42f55948a448645d6609102ef6439e8
v0.40.24 osx: MD5: c935236736139882b670ed9f1adec52c
Loaded 3 DF symbol tables.
Version: v0.40.24 linux
Initializing Console.
Console is running.
<vtable-address name='renderer' value='0xb75c2168'/>
Initializing Plugins.
loading plugin 3dveins
loaded plugin 3dveins; DFHack build 0.40.24-r4-0-g79e1c49
loading plugin liquids
loaded plugin liquids; DFHack build 0.40.24-r4-0-g79e1c49
loading plugin showmood
loaded plugin showmood; DFHack build 0.40.24-r4-0-g79e1c49
loading plugin autolabor
loaded plugin autolabor; DFHack build 0.40.24-r4-0-g79e1c49
loading plugin search
loaded plugin search; DFHack build 0.40.24-r4-0-g79e1c49
loading plugin burrows
loaded plugin burrows; DFHack build 0.40.24-r4-0-g79e1c49
loading plugin fixveins
loaded plugin fixveins; DFHack build 0.40.24-r4-0-g79e1c49
loading plugin follow
loaded plugin follow; DFHack build 0.40.24-r4-0-g79e1c49
loading plugin createitem
loaded plugin createitem; DFHack build 0.40.24-r4-0-g79e1c49
loading plugin diggingInvaders
loaded plugin diggingInvaders; DFHack build 0.40.24-r4-0-g79e1c49
loading plugin stonesense
loaded plugin stonesense; DFHack build 0.40.24-r4-0-g79e1c49
loading plugin changelayer
loaded plugin changelayer; DFHack build 0.40.24-r4-0-g79e1c49
loading plugin fix-unit-occupancy
loaded plugin fix-unit-occupancy; DFHack build 0.40.24-r4-0-g79e1c49
loading plugin autodump
loaded plugin autodump; DFHack build 0.40.24-r4-0-g79e1c49
loading plugin strangemood
loaded plugin strangemood; DFHack build 0.40.24-r4-0-g79e1c49
loading plugin changeitem
loaded plugin changeitem; DFHack build 0.40.24-r4-0-g79e1c49
loading plugin resume
loaded plugin resume; DFHack build 0.40.24-r4-0-g79e1c49
loading plugin catsplosion
loaded plugin catsplosion; DFHack build 0.40.24-r4-0-g79e1c49
loading plugin eventful
loaded plugin eventful; DFHack build 0.40.24-r4-0-g79e1c49
loading plugin forceequip
loaded plugin forceequip; DFHack build 0.40.24-r4-0-g79e1c49
loading plugin workNow
loaded plugin workNow; DFHack build 0.40.24-r4-0-g79e1c49
loading plugin hotkeys
loaded plugin hotkeys; DFHack build 0.40.24-r4-0-g79e1c49
loading plugin confirm
loaded plugin confirm; DFHack build 0.40.24-r4-0-g79e1c49
loading plugin plants
loaded plugin plants; DFHack build 0.40.24-r4-0-g79e1c49
loading plugin probe
loaded plugin probe; DFHack build 0.40.24-r4-0-g79e1c49
loading plugin tweak
loaded plugin tweak; DFHack build 0.40.24-r4-0-g79e1c49
loading plugin dfusion
loaded plugin dfusion; DFHack build 0.40.24-r4-0-g79e1c49
loading plugin steam-engine
loaded plugin steam-engine; DFHack build 0.40.24-r4-0-g79e1c49
loading plugin dig
loaded plugin dig; DFHack build 0.40.24-r4-0-g79e1c49
loading plugin power-meter
loaded plugin power-meter; DFHack build 0.40.24-r4-0-g79e1c49
loading plugin flows
loaded plugin flows; DFHack build 0.40.24-r4-0-g79e1c49
loading plugin prospector
loaded plugin prospector; DFHack build 0.40.24-r4-0-g79e1c49
loading plugin building-hacks
loaded plugin building-hacks; DFHack build 0.40.24-r4-0-g79e1c49
loading plugin autohauler
loaded plugin autohauler; DFHack build 0.40.24-r4-0-g79e1c49
loading plugin infiniteSky
loaded plugin infiniteSky; DFHack build 0.40.24-r4-0-g79e1c49
loading plugin isoworldremote
loaded plugin isoworldremote; DFHack build 0.40.24-r4-0-g79e1c49
loading plugin deramp
loaded plugin deramp; DFHack build 0.40.24-r4-0-g79e1c49
loading plugin rendermax
loaded plugin rendermax; DFHack build 0.40.24-r4-0-g79e1c49
loading plugin fastdwarf
loaded plugin fastdwarf; DFHack build 0.40.24-r4-0-g79e1c49
loading plugin buildingplan
loaded plugin buildingplan; DFHack build 0.40.24-r4-0-g79e1c49
loading plugin ruby
loaded plugin ruby; DFHack build 0.40.24-r4-0-g79e1c49
loading plugin autochop
loaded plugin autochop; DFHack build 0.40.24-r4-0-g79e1c49
loading plugin blueprint
loaded plugin blueprint; DFHack build 0.40.24-r4-0-g79e1c49
loading plugin getplants
loaded plugin getplants; DFHack build 0.40.24-r4-0-g79e1c49
loading plugin reveal
loaded plugin reveal; DFHack build 0.40.24-r4-0-g79e1c49
loading plugin RemoteFortressReader
loaded plugin RemoteFortressReader; DFHack build 0.40.24-r4-0-g79e1c49
loading plugin tiletypes
loaded plugin tiletypes; DFHack build 0.40.24-r4-0-g79e1c49
loading plugin sort
loaded plugin sort; DFHack build 0.40.24-r4-0-g79e1c49
loading plugin cleanowned
loaded plugin cleanowned; DFHack build 0.40.24-r4-0-g79e1c49
loading plugin automaterial
loaded plugin automaterial; DFHack build 0.40.24-r4-0-g79e1c49
loading plugin luasocket
loaded plugin luasocket; DFHack build 0.40.24-r4-0-g79e1c49
loading plugin seedwatch
loaded plugin seedwatch; DFHack build 0.40.24-r4-0-g79e1c49
loading plugin fixpositions
loaded plugin fixpositions; DFHack build 0.40.24-r4-0-g79e1c49
loading plugin drybuckets
loaded plugin drybuckets; DFHack build 0.40.24-r4-0-g79e1c49
loading plugin stockpiles
loaded plugin stockpiles; DFHack build 0.40.24-r4-0-g79e1c49
loading plugin mousequery
loaded plugin mousequery; DFHack build 0.40.24-r4-0-g79e1c49
loading plugin weather
loaded plugin weather; DFHack build 0.40.24-r4-0-g79e1c49
loading plugin trackstop
loaded plugin trackstop; DFHack build 0.40.24-r4-0-g79e1c49
loading plugin mode
loaded plugin mode; DFHack build 0.40.24-r4-0-g79e1c49
loading plugin regrass
loaded plugin regrass; DFHack build 0.40.24-r4-0-g79e1c49
loading plugin fix-armory
loaded plugin fix-armory; DFHack build 0.40.24-r4-0-g79e1c49
loading plugin colonies
loaded plugin colonies; DFHack build 0.40.24-r4-0-g79e1c49
loading plugin stocks
loaded plugin stocks; DFHack build 0.40.24-r4-0-g79e1c49
loading plugin autotrade
loaded plugin autotrade; DFHack build 0.40.24-r4-0-g79e1c49
loading plugin stockflow
loaded plugin stockflow; DFHack build 0.40.24-r4-0-g79e1c49
loading plugin feature
loaded plugin feature; DFHack build 0.40.24-r4-0-g79e1c49
loading plugin rename
loaded plugin rename; DFHack build 0.40.24-r4-0-g79e1c49
loading plugin petcapRemover
loaded plugin petcapRemover; DFHack build 0.40.24-r4-0-g79e1c49
loading plugin tubefill
loaded plugin tubefill; DFHack build 0.40.24-r4-0-g79e1c49
loading plugin cleaners
loaded plugin cleaners; DFHack build 0.40.24-r4-0-g79e1c49
loading plugin changevein
loaded plugin changevein; DFHack build 0.40.24-r4-0-g79e1c49
loading plugin embark-tools
loaded plugin embark-tools; DFHack build 0.40.24-r4-0-g79e1c49
loading plugin dwarfmonitor
loaded plugin dwarfmonitor; DFHack build 0.40.24-r4-0-g79e1c49
loading plugin filltraffic
loaded plugin filltraffic; DFHack build 0.40.24-r4-0-g79e1c49
loading plugin command-prompt
loaded plugin command-prompt; DFHack build 0.40.24-r4-0-g79e1c49
loading plugin digFlood
loaded plugin digFlood; DFHack build 0.40.24-r4-0-g79e1c49
loading plugin jobutils
loaded plugin jobutils; DFHack build 0.40.24-r4-0-g79e1c49
loading plugin manipulator
loaded plugin manipulator; DFHack build 0.40.24-r4-0-g79e1c49
loading plugin workflow
loaded plugin workflow; DFHack build 0.40.24-r4-0-g79e1c49
loading plugin fortplan
loaded plugin fortplan; DFHack build 0.40.24-r4-0-g79e1c49
loading plugin lair
loaded plugin lair; DFHack build 0.40.24-r4-0-g79e1c49
loading plugin cleanconst
loaded plugin cleanconst; DFHack build 0.40.24-r4-0-g79e1c49
loading plugin add-spatter
loaded plugin add-spatter; DFHack build 0.40.24-r4-0-g79e1c49
loading plugin title-version
loaded plugin title-version; DFHack build 0.40.24-r4-0-g79e1c49
loading plugin siege-engine
loaded plugin siege-engine; DFHack build 0.40.24-r4-0-g79e1c49
loading plugin cursecheck
loaded plugin cursecheck; DFHack build 0.40.24-r4-0-g79e1c49
loading plugin automelt
loaded plugin automelt; DFHack build 0.40.24-r4-0-g79e1c49
loading plugin zone
loaded plugin zone; DFHack build 0.40.24-r4-0-g79e1c49
Starting IO thread.
Starting DF input capture thread.
Starting the TCP listener.
DFHack is running.
Invoking: gui/no-dfhack-init
UNKNOWN CLASS 'ack21dfhack_lua_viewscreenE': vtable = 0xb7f70668
Invoking: keybinding add Ctrl-F1 hotkeys
Invoking: keybinding add Alt-F1 hotkeys
Invoking: keybinding add Ctrl-W twaterlvl
Invoking: keybinding add Ctrl-V digv
Invoking: keybinding add Ctrl-Shift-V "digv x"
Invoking: keybinding add Ctrl-C spotclean
Invoking: keybinding add Ctrl-Shift-K autodump-destroy-here
Invoking: keybinding add Alt-Shift-I@dwarfmode/Zones "zone set"
Invoking: keybinding add Ctrl-K autodump-destroy-item
Invoking: keybinding add Ctrl-Alt-S@dwarfmode/Default quicksave
Invoking: keybinding add Ctrl-Shift-N gui/rename
Invoking: keybinding add Ctrl-Shift-T "gui/rename unit-profession"
Invoking: keybinding add Ctrl-Shift-P command-prompt
Invoking: keybinding add Alt-M@dwarfmode/Default "dwarfmonitor prefs"
Invoking: keybinding add Ctrl-F@dwarfmode/Default "dwarfmonitor stats"
Invoking: keybinding add Ctrl-Shift-F@dwarfmode forum-dwarves
Invoking: keybinding add Ctrl-B@dungeonmode adv-bodyswap
Invoking: keybinding add Ctrl-Shift-B@dungeonmode "adv-bodyswap force"
Invoking: keybinding add Shift-O@dungeonmode gui/companion-order
Invoking: keybinding add Ctrl-A@legends "exportlegends all"
Invoking: keybinding add Ctrl-Shift-Z@dwarfmode/Default "stocks show"
Invoking: keybinding add Ctrl-Shift-I@dwarfmode/Default "gui/dfstatus"
Invoking: keybinding add Ctrl-Shift-I@dfhack/lua/dfstatus "gui/dfstatus"
Invoking: keybinding add Alt-P copystock
Invoking: keybinding add Alt-L@dwarfmode/QueryBuilding/Some/Stockpile "gui/stockpiles -load"
Invoking: keybinding add Alt-S@dwarfmode/QueryBuilding/Some/Stockpile "gui/stockpiles -save"
Invoking: keybinding add Ctrl-D job-duplicate
Invoking: keybinding add Shift-A "job-material ALUNITE"
Invoking: keybinding add Shift-M "job-material MICROCLINE"
Invoking: keybinding add Shift-D "job-material DACITE"
Invoking: keybinding add Shift-R "job-material RHYOLITE"
Invoking: keybinding add Shift-I "job-material CINNABAR"
Invoking: keybinding add Shift-B "job-material COBALTITE"
Invoking: keybinding add Shift-O "job-material OBSIDIAN"
Invoking: keybinding add Shift-T "job-material ORTHOCLASE"
Invoking: keybinding add Shift-G "job-material GLASS_GREEN"
Invoking: keybinding add Alt-Shift-N "sort-units name" "sort-items description"
Invoking: keybinding add Alt-Shift-R "sort-units arrival"
Invoking: keybinding add Alt-Shift-T "sort-units profession" "sort-items type material"
Invoking: keybinding add Alt-Shift-Q "sort-units squad_position" "sort-items quality"
Invoking: keybinding add Ctrl-M@dwarfmode/QueryBuilding/Some gui/mechanisms
Invoking: keybinding add Alt-R@dwarfmode/QueryBuilding/Some gui/room-list
Invoking: keybinding add Alt-L@dwarfmode/LookAround gui/liquids
Invoking: keybinding add Ctrl-Shift-M@dwarfmode/Build/Position/Trap gui/power-meter
Invoking: keybinding add Alt-A@dwarfmode/QueryBuilding/Some/SiegeEngine gui/siege-engine
Invoking: keybinding add Ctrl-W@layer_military/Equip/Customize/View gui/choose-weapons
Invoking: keybinding add Ctrl-C@layer_military/Uniforms gui/clone-uniform
Invoking: keybinding add Alt-P@dwarfmode/Hauling/DefineStop/Cond/Guide gui/guide-path
Invoking: keybinding add Alt-A@dwarfmode/QueryBuilding/Some/Workshop/Job gui/workshop-job
Invoking: keybinding add Alt-W@dwarfmode/QueryBuilding/Some/Workshop/Job gui/workflow
Invoking: keybinding add Alt-W@overallstatus "gui/workflow status"
Invoking: keybinding add Shift-B@pet/List/Unit "gui/autobutcher"
Invoking: keybinding add P@dwarfmode/QueryBuilding/Some/Weaponrack gui/assign-rack
Invoking: tweak stable-cursor
Enabled tweak stable-cursor (stable_cursor_hook::feed)
Invoking: tweak advmode-contained
Enabled tweak advmode-contained (advmode_contained_hook::feed)
Invoking: tweak fast-trade
Enabled tweak fast-trade (fast_trade_assign_hook::feed)
Enabled tweak fast-trade (fast_trade_select_hook::feed)
Invoking: tweak military-stable-assign
Enabled tweak military-stable-assign (military_assign_hook::feed)
Invoking: tweak military-color-assigned
Enabled tweak military-color-assigned (military_assign_hook::render)
Invoking: tweak craft-age-wear
Enabled tweak craft-age-wear (craft_age_wear_hook::ageItem)
Invoking: tweak farm-plot-select
Enabled tweak farm-plot-select (farm_select_hook::feed)
Enabled tweak farm-plot-select (farm_select_hook::render)
Invoking: tweak import-priority-category
Enabled tweak import-priority-category (takerequest_hook::feed)
Enabled tweak import-priority-category (takerequest_hook::render)
Invoking: tweak civ-view-agreement
Enabled tweak civ-view-agreement (civ_agreement_view_hook::render)
Invoking: tweak fps-min
Enabled tweak fps-min (fps_min_hook)
Invoking: tweak kitchen-keys
Enabled tweak kitchen-keys (kitchen_keys_hook::feed)
Enabled tweak kitchen-keys (kitchen_keys_hook::render)
Invoking: tweak kitchen-prefs-empty
Enabled tweak kitchen-prefs-empty (kitchen_prefs_empty_hook::render)
Invoking: tweak max-wheelbarrow
Enabled tweak max-wheelbarrow (max_wheelbarrow_hook::render)
Enabled tweak max-wheelbarrow (max_wheelbarrow_hook::feed)
Invoking: tweak shift-8-scroll
Enabled tweak shift-8-scroll (shift_8_scroll_hook::feed)
Invoking: tweak tradereq-pet-gender
Enabled tweak tradereq-pet-gender (pet_gender_hook::render)
Invoking: enable title-version
Invoking: enable manipulator
Invoking: enable search
Invoking: enable automaterial
Invoking: enable  confirm  dwarfmonitor  mousequery  automelt  autotrade  buildingplan  resume  trackstop  zone  stocks  autochop  stockpiles
Invoking: enable stockflow
Invoking: embark-tools enable sand mouse
Invoking: soundsense-season
Invoking: log-region
Invoking: view-item-info enable
Invoking: gui/load-screen enable
Invoking: die
