Resetting textures
New window size: 1280x800
Font size: 10x12
Resizing grid to 128x66
Resizing font to 10x12

New window size: 800x600
Font size: 10x12
Resizing grid to 80x50
Resizing font to 10x12

New window size: 1280x800
Font size: 10x12
Resizing grid to 128x66
Resizing font to 10x12

New window size: 800x600
Font size: 10x12
Resizing grid to 80x50
Resizing font to 10x12

New window size: 1280x800
Font size: 10x12
Resizing grid to 128x66
Resizing font to 10x12

New window size: 800x600
Font size: 10x12
Resizing grid to 80x50
Resizing font to 10x12

New window size: 1280x800
Font size: 10x12
Resizing grid to 128x66
Resizing font to 10x12

New window size: 800x600
Font size: 10x12
Resizing grid to 80x50
Resizing font to 10x12

New window size: 1280x800
Font size: 10x12
Resizing grid to 128x66
Resizing font to 10x12

New window size: 800x600
Font size: 10x12
Resizing grid to 80x50
Resizing font to 10x12

New window size: 1280x800
Font size: 10x12
Resizing grid to 128x66
Resizing font to 10x12

Resizing font to 10x12
New window size: 800x600
Font size: 10x12
Resizing grid to 80x50
Resizing font to 10x12

New window size: 1280x800
Font size: 10x12
Resizing grid to 128x66
Resizing font to 10x12

New window size: 800x600
Font size: 10x12
Resizing grid to 80x50
Resizing font to 10x12

